2015-05-03T19:21:45+02:00 [mylog] Table 'placement.comapny_login' doesn't exist
2015-05-03T19:21:45+02:00 [mylog] Table 'placement.comapny_login' doesn't exist
2015-05-03T19:21:56+02:00 [mylog] Table 'placement.comapny_login' doesn't exist
2015-05-03T19:21:56+02:00 [mylog] Table 'placement.comapny_login' doesn't exist
2015-05-03T19:22:12+02:00 [mylog] Table 'placement.comapny_login' doesn't exist
2015-05-03T19:22:12+02:00 [mylog] Table 'placement.comapny_login' doesn't exist
2015-05-03T19:22:47+02:00 [mylog] Table 'placement.comapny_login' doesn't exist
2015-05-03T19:22:47+02:00 [mylog] Table 'placement.comapny_login' doesn't exist
2015-05-03T19:25:05+02:00 [mylog] Table 'placement.comapny_login' doesn't exist
2015-05-03T19:25:05+02:00 [mylog] Table 'placement.comapny_login' doesn't exist
2015-05-03T19:34:41+02:00 [mylog] Table 'placement.comapny_login' doesn't exist
2015-05-03T19:34:41+02:00 [mylog] Table 'placement.comapny_login' doesn't exist
2015-05-03T19:43:44+02:00 [mylog] Table 'placement.comapny_login' doesn't exist
2015-05-03T19:43:44+02:00 [mylog] Table 'placement.comapny_login' doesn't exist
2015-05-04T19:40:10+02:00 [mylog] You have an error in your SQL syntax; check the manual that corresponds to your MySQL server version for the right syntax to use near 'Open Sans', sans-serif; word-spacing: 1px;">
	<span style="font-weight: 600;">R' at line 1
2015-05-04T19:40:10+02:00 [mylog] You have an error in your SQL syntax; check the manual that corresponds to your MySQL server version for the right syntax to use near 'Open Sans', sans-serif; word-spacing: 1px;">
	<span style="font-weight: 600;">R' at line 1
2015-05-04T19:41:04+02:00 [mylog] 
2015-05-04T19:41:04+02:00 [mylog] 
2015-05-05T20:46:48+02:00 [mylog] Unknown column 'verified' in 'where clause'
2015-05-05T20:46:48+02:00 [mylog] Unknown column 'verified' in 'where clause'
2015-05-05T20:47:24+02:00 [mylog] Unknown column 'verified' in 'where clause'
2015-05-05T20:47:24+02:00 [mylog] Unknown column 'verified' in 'where clause'
2015-05-05T20:47:54+02:00 [mylog] Unknown column 'verified' in 'where clause'
2015-05-05T20:47:54+02:00 [mylog] Unknown column 'verified' in 'where clause'
2015-05-06T12:25:16+02:00 [mylog] Unknown column 'department' in 'order clause'
2015-05-06T12:25:16+02:00 [mylog] Unknown column 'department' in 'order clause'
2015-05-06T12:28:01+02:00 [mylog] Unknown column 'department' in 'order clause'
2015-05-06T12:28:01+02:00 [mylog] Unknown column 'department' in 'order clause'
2015-05-06T13:46:23+02:00 [mylog] Unknown column 'department' in 'order clause'
2015-05-06T13:46:23+02:00 [mylog] Unknown column 'department' in 'order clause'
2015-05-06T13:46:25+02:00 [mylog] Unknown column 'department' in 'order clause'
2015-05-06T13:46:25+02:00 [mylog] Unknown column 'department' in 'order clause'
2015-05-06T13:46:31+02:00 [mylog] Unknown column 'department' in 'order clause'
2015-05-06T13:46:31+02:00 [mylog] Unknown column 'department' in 'order clause'
2015-05-06T14:04:21+02:00 [mylog] Unknown column 'department' in 'order clause'
2015-05-06T14:04:21+02:00 [mylog] Unknown column 'department' in 'order clause'
2015-05-06T14:04:45+02:00 [mylog] Unknown column 'department' in 'order clause'
2015-05-06T14:04:45+02:00 [mylog] Unknown column 'department' in 'order clause'
2015-05-06T14:14:31+02:00 [mylog] Unknown column 'department' in 'order clause'
2015-05-06T14:14:31+02:00 [mylog] Unknown column 'department' in 'order clause'
2015-05-06T14:14:54+02:00 [mylog] Unknown column 'department' in 'order clause'
2015-05-06T14:14:54+02:00 [mylog] Unknown column 'department' in 'order clause'
2015-05-06T14:26:59+02:00 [mylog] You have an error in your SQL syntax; check the manual that corresponds to your MySQL server version for the right syntax to use near 'where YEAR(create_date)>=2015 order by job_id desc' at line 1
2015-05-06T14:26:59+02:00 [mylog] You have an error in your SQL syntax; check the manual that corresponds to your MySQL server version for the right syntax to use near 'where YEAR(create_date)>=2015 order by job_id desc' at line 1
2015-05-06T14:27:22+02:00 [mylog] You have an error in your SQL syntax; check the manual that corresponds to your MySQL server version for the right syntax to use near 'where YEAR(create_date)>=2015 order by job_id desc' at line 1
2015-05-06T14:27:22+02:00 [mylog] You have an error in your SQL syntax; check the manual that corresponds to your MySQL server version for the right syntax to use near 'where YEAR(create_date)>=2015 order by job_id desc' at line 1
2015-05-06T19:40:28+02:00 [mylog] Unknown column 'verified' in 'where clause'
2015-05-06T19:40:28+02:00 [mylog] Unknown column 'verified' in 'where clause'
2015-05-06T19:48:17+02:00 [mylog] Unknown column 'verified' in 'where clause'
2015-05-06T19:48:17+02:00 [mylog] Unknown column 'verified' in 'where clause'
2015-05-06T19:50:42+02:00 [mylog] Unknown column 'verified' in 'where clause'
2015-05-06T19:50:42+02:00 [mylog] Unknown column 'verified' in 'where clause'
2015-05-06T19:50:44+02:00 [mylog] Unknown column 'verified' in 'where clause'
2015-05-06T19:50:44+02:00 [mylog] Unknown column 'verified' in 'where clause'
2015-05-06T19:50:46+02:00 [mylog] Unknown column 'verified' in 'where clause'
2015-05-06T19:50:46+02:00 [mylog] Unknown column 'verified' in 'where clause'
2015-05-06T19:50:50+02:00 [mylog] Unknown column 'verified' in 'where clause'
2015-05-06T19:50:50+02:00 [mylog] Unknown column 'verified' in 'where clause'
2015-05-06T19:51:01+02:00 [mylog] Unknown column 'verified' in 'where clause'
2015-05-06T19:51:01+02:00 [mylog] Unknown column 'verified' in 'where clause'
2015-05-06T19:51:02+02:00 [mylog] Unknown column 'verified' in 'where clause'
2015-05-06T19:51:02+02:00 [mylog] Unknown column 'verified' in 'where clause'
2015-05-06T19:51:24+02:00 [mylog] Unknown column 'verified' in 'where clause'
2015-05-06T19:51:24+02:00 [mylog] Unknown column 'verified' in 'where clause'
2015-05-06T19:51:35+02:00 [mylog] Unknown column 'verified' in 'where clause'
2015-05-06T19:51:35+02:00 [mylog] Unknown column 'verified' in 'where clause'
2015-05-06T22:15:13+02:00 [mylog] Unknown column '1$' in 'where clause'
2015-05-06T22:15:13+02:00 [mylog] Unknown column '1$' in 'where clause'
2015-05-06T22:16:32+02:00 [mylog] Unknown column '1$' in 'where clause'
2015-05-06T22:16:32+02:00 [mylog] Unknown column '1$' in 'where clause'
2015-05-06T22:42:16+02:00 [mylog] You have an error in your SQL syntax; check the manual that corresponds to your MySQL server version for the right syntax to use near 'group by job_id order by job_id' at line 1
2015-05-06T22:42:16+02:00 [mylog] You have an error in your SQL syntax; check the manual that corresponds to your MySQL server version for the right syntax to use near 'group by job_id order by job_id' at line 1
2015-05-06T22:42:35+02:00 [mylog] You have an error in your SQL syntax; check the manual that corresponds to your MySQL server version for the right syntax to use near 'group by job_id order by job_id' at line 1
2015-05-06T22:42:35+02:00 [mylog] You have an error in your SQL syntax; check the manual that corresponds to your MySQL server version for the right syntax to use near 'group by job_id order by job_id' at line 1
2015-05-06T22:42:58+02:00 [mylog] You have an error in your SQL syntax; check the manual that corresponds to your MySQL server version for the right syntax to use near 'group by job_id order by job_id' at line 1
2015-05-06T22:42:58+02:00 [mylog] You have an error in your SQL syntax; check the manual that corresponds to your MySQL server version for the right syntax to use near 'group by job_id order by job_id' at line 1
2015-05-21T07:10:29+02:00 [mylog] Table 'placement.branches' doesn't exist
2015-05-21T07:10:29+02:00 [mylog] Table 'placement.branches' doesn't exist
2015-05-21T07:25:51+02:00 [mylog] Table 'placement.branches' doesn't exist
2015-05-21T07:25:51+02:00 [mylog] Table 'placement.branches' doesn't exist
2015-05-21T07:25:58+02:00 [mylog] Table 'placement.branches' doesn't exist
2015-05-21T07:25:58+02:00 [mylog] Table 'placement.branches' doesn't exist
2015-05-21T07:26:11+02:00 [mylog] Table 'placement.branches' doesn't exist
2015-05-21T07:26:11+02:00 [mylog] Table 'placement.branches' doesn't exist
2015-05-21T07:26:35+02:00 [mylog] Table 'placement.branches' doesn't exist
2015-05-21T07:26:35+02:00 [mylog] Table 'placement.branches' doesn't exist
2015-05-21T07:26:37+02:00 [mylog] Table 'placement.branches' doesn't exist
2015-05-21T07:26:37+02:00 [mylog] Table 'placement.branches' doesn't exist
2015-05-21T07:26:39+02:00 [mylog] Table 'placement.branches' doesn't exist
2015-05-21T07:26:39+02:00 [mylog] Table 'placement.branches' doesn't exist
2015-05-21T22:17:04+02:00 [mylog] Table 'placement.students_notif' doesn't exist
2015-05-21T22:17:04+02:00 [mylog] Table 'placement.students_notif' doesn't exist
2015-05-21T22:17:57+02:00 [mylog] Table 'placement.students_notif' doesn't exist
2015-05-21T22:17:57+02:00 [mylog] Table 'placement.students_notif' doesn't exist
2015-05-22T19:01:12+02:00 [mylog] Unknown column 'department' in 'where clause'
2015-05-22T19:01:12+02:00 [mylog] Unknown column 'department' in 'where clause'
2015-05-22T19:01:47+02:00 [mylog] Unknown column 'department' in 'where clause'
2015-05-22T19:01:47+02:00 [mylog] Unknown column 'department' in 'where clause'
2015-05-22T19:02:02+02:00 [mylog] Unknown column 'department' in 'where clause'
2015-05-22T19:02:02+02:00 [mylog] Unknown column 'department' in 'where clause'
2015-05-22T19:02:28+02:00 [mylog] Unknown column 'department' in 'where clause'
2015-05-22T19:02:28+02:00 [mylog] Unknown column 'department' in 'where clause'
2015-05-22T19:29:43+02:00 [mylog] Table 'placement.students_notif' doesn't exist
2015-05-22T19:29:43+02:00 [mylog] Table 'placement.students_notif' doesn't exist
2015-05-22T19:31:15+02:00 [mylog] Table 'placement.students_notif' doesn't exist
2015-05-22T19:31:15+02:00 [mylog] Table 'placement.students_notif' doesn't exist
2015-05-22T19:33:17+02:00 [mylog] Table 'placement.students_notif' doesn't exist
2015-05-22T19:33:17+02:00 [mylog] Table 'placement.students_notif' doesn't exist
2015-05-22T19:34:44+02:00 [mylog] Table 'placement.students_notif' doesn't exist
2015-05-22T19:34:44+02:00 [mylog] Table 'placement.students_notif' doesn't exist
2015-05-23T05:39:15+02:00 [mylog] You have an error in your SQL syntax; check the manual that corresponds to your MySQL server version for the right syntax to use near ')' at line 1
2015-05-23T05:39:15+02:00 [mylog] You have an error in your SQL syntax; check the manual that corresponds to your MySQL server version for the right syntax to use near ')' at line 1
2015-05-24T04:34:31+02:00 [mylog] You have an error in your SQL syntax; check the manual that corresponds to your MySQL server version for the right syntax to use near '' at line 1
2015-05-24T04:34:31+02:00 [mylog] You have an error in your SQL syntax; check the manual that corresponds to your MySQL server version for the right syntax to use near '' at line 1
2015-05-24T04:34:31+02:00 [mylog] You have an error in your SQL syntax; check the manual that corresponds to your MySQL server version for the right syntax to use near '' at line 1
2015-05-24T04:34:31+02:00 [mylog] You have an error in your SQL syntax; check the manual that corresponds to your MySQL server version for the right syntax to use near '' at line 1
2015-05-24T04:34:31+02:00 [mylog] You have an error in your SQL syntax; check the manual that corresponds to your MySQL server version for the right syntax to use near '' at line 1
2015-05-24T04:34:31+02:00 [mylog] You have an error in your SQL syntax; check the manual that corresponds to your MySQL server version for the right syntax to use near '' at line 1
2015-05-24T04:34:31+02:00 [mylog] You have an error in your SQL syntax; check the manual that corresponds to your MySQL server version for the right syntax to use near '' at line 1
2015-05-24T04:34:31+02:00 [mylog] You have an error in your SQL syntax; check the manual that corresponds to your MySQL server version for the right syntax to use near '' at line 1
2015-05-24T04:34:31+02:00 [mylog] You have an error in your SQL syntax; check the manual that corresponds to your MySQL server version for the right syntax to use near '' at line 1
2015-05-24T04:34:31+02:00 [mylog] You have an error in your SQL syntax; check the manual that corresponds to your MySQL server version for the right syntax to use near '' at line 1
2015-05-24T04:34:31+02:00 [mylog] You have an error in your SQL syntax; check the manual that corresponds to your MySQL server version for the right syntax to use near '' at line 1
2015-05-24T04:34:31+02:00 [mylog] You have an error in your SQL syntax; check the manual that corresponds to your MySQL server version for the right syntax to use near '' at line 1
2015-05-24T04:34:31+02:00 [mylog] You have an error in your SQL syntax; check the manual that corresponds to your MySQL server version for the right syntax to use near '' at line 1
2015-05-24T04:34:31+02:00 [mylog] You have an error in your SQL syntax; check the manual that corresponds to your MySQL server version for the right syntax to use near '' at line 1
2015-05-24T04:35:00+02:00 [mylog] You have an error in your SQL syntax; check the manual that corresponds to your MySQL server version for the right syntax to use near '' at line 1
2015-05-24T04:35:00+02:00 [mylog] You have an error in your SQL syntax; check the manual that corresponds to your MySQL server version for the right syntax to use near '' at line 1
2015-05-24T04:35:00+02:00 [mylog] You have an error in your SQL syntax; check the manual that corresponds to your MySQL server version for the right syntax to use near '' at line 1
2015-05-24T04:35:00+02:00 [mylog] You have an error in your SQL syntax; check the manual that corresponds to your MySQL server version for the right syntax to use near '' at line 1
2015-05-24T04:35:00+02:00 [mylog] You have an error in your SQL syntax; check the manual that corresponds to your MySQL server version for the right syntax to use near '' at line 1
2015-05-24T04:35:00+02:00 [mylog] You have an error in your SQL syntax; check the manual that corresponds to your MySQL server version for the right syntax to use near '' at line 1
2015-05-24T04:35:00+02:00 [mylog] You have an error in your SQL syntax; check the manual that corresponds to your MySQL server version for the right syntax to use near '' at line 1
2015-05-24T04:35:00+02:00 [mylog] You have an error in your SQL syntax; check the manual that corresponds to your MySQL server version for the right syntax to use near '' at line 1
2015-05-24T04:35:00+02:00 [mylog] You have an error in your SQL syntax; check the manual that corresponds to your MySQL server version for the right syntax to use near '' at line 1
2015-05-24T04:35:00+02:00 [mylog] You have an error in your SQL syntax; check the manual that corresponds to your MySQL server version for the right syntax to use near '' at line 1
2015-05-24T04:35:00+02:00 [mylog] You have an error in your SQL syntax; check the manual that corresponds to your MySQL server version for the right syntax to use near '' at line 1
2015-05-24T04:35:00+02:00 [mylog] You have an error in your SQL syntax; check the manual that corresponds to your MySQL server version for the right syntax to use near '' at line 1
2015-05-24T04:35:00+02:00 [mylog] You have an error in your SQL syntax; check the manual that corresponds to your MySQL server version for the right syntax to use near '' at line 1
2015-05-24T04:35:00+02:00 [mylog] You have an error in your SQL syntax; check the manual that corresponds to your MySQL server version for the right syntax to use near '' at line 1
2015-05-24T04:57:37+02:00 [mylog] Unknown column 'profile_id' in 'where clause'
2015-05-24T04:57:37+02:00 [mylog] Unknown column 'profile_id' in 'where clause'
2015-05-24T04:52:32+01:00 [mylog] You have an error in your SQL syntax; check the manual that corresponds to your MySQL server version for the right syntax to use near '' at line 1
2015-05-24T04:52:32+01:00 [mylog] You have an error in your SQL syntax; check the manual that corresponds to your MySQL server version for the right syntax to use near '' at line 1
2015-05-24T04:56:53+01:00 [mylog] You have an error in your SQL syntax; check the manual that corresponds to your MySQL server version for the right syntax to use near '' at line 1
2015-05-24T04:56:53+01:00 [mylog] You have an error in your SQL syntax; check the manual that corresponds to your MySQL server version for the right syntax to use near '' at line 1
2015-05-24T05:04:08+01:00 [mylog] You have an error in your SQL syntax; check the manual that corresponds to your MySQL server version for the right syntax to use near '' at line 1
2015-05-24T05:04:08+01:00 [mylog] You have an error in your SQL syntax; check the manual that corresponds to your MySQL server version for the right syntax to use near '' at line 1
2015-05-24T11:37:54+02:00 [mylog] You have an error in your SQL syntax; check the manual that corresponds to your MySQL server version for the right syntax to use near 'where (degree=0 or find_in_set('2',degree) <> 0) and (department=0 or find_in_se' at line 1
2015-05-24T11:37:54+02:00 [mylog] You have an error in your SQL syntax; check the manual that corresponds to your MySQL server version for the right syntax to use near 'where (degree=0 or find_in_set('2',degree) <> 0) and (department=0 or find_in_se' at line 1
2015-05-24T11:38:21+02:00 [mylog] You have an error in your SQL syntax; check the manual that corresponds to your MySQL server version for the right syntax to use near 'where (degree=0 or find_in_set('2',degree) <> 0) and (department=0 or find_in_se' at line 1
2015-05-24T11:38:21+02:00 [mylog] You have an error in your SQL syntax; check the manual that corresponds to your MySQL server version for the right syntax to use near 'where (degree=0 or find_in_set('2',degree) <> 0) and (department=0 or find_in_se' at line 1
2015-05-24T11:38:25+02:00 [mylog] You have an error in your SQL syntax; check the manual that corresponds to your MySQL server version for the right syntax to use near 'where (degree=0 or find_in_set('2',degree) <> 0) and (department=0 or find_in_se' at line 1
2015-05-24T11:38:25+02:00 [mylog] You have an error in your SQL syntax; check the manual that corresponds to your MySQL server version for the right syntax to use near 'where (degree=0 or find_in_set('2',degree) <> 0) and (department=0 or find_in_se' at line 1
2015-05-24T11:38:38+02:00 [mylog] You have an error in your SQL syntax; check the manual that corresponds to your MySQL server version for the right syntax to use near 'where (degree=0 or find_in_set('2',degree) <> 0) and (department=0 or find_in_se' at line 1
2015-05-24T11:38:38+02:00 [mylog] You have an error in your SQL syntax; check the manual that corresponds to your MySQL server version for the right syntax to use near 'where (degree=0 or find_in_set('2',degree) <> 0) and (department=0 or find_in_se' at line 1
2015-05-24T11:39:37+02:00 [mylog] You have an error in your SQL syntax; check the manual that corresponds to your MySQL server version for the right syntax to use near 'where (degree=0 or find_in_set('2',degree) <> 0) and (department=0 or find_in_se' at line 1
2015-05-24T11:39:37+02:00 [mylog] You have an error in your SQL syntax; check the manual that corresponds to your MySQL server version for the right syntax to use near 'where (degree=0 or find_in_set('2',degree) <> 0) and (department=0 or find_in_se' at line 1
2015-05-28T16:29:34+02:00 [mylog] Unknown column 'profile_id' in 'where clause'
2015-05-28T16:29:34+02:00 [mylog] Unknown column 'profile_id' in 'where clause'
2015-05-28T16:43:21+02:00 [mylog] Unknown column 'profile_id' in 'where clause'
2015-05-28T16:43:21+02:00 [mylog] Unknown column 'profile_id' in 'where clause'
2015-05-28T23:16:38+02:00 [mylog] Unknown column 'profile_id' in 'where clause'
2015-05-28T23:16:38+02:00 [mylog] Unknown column 'profile_id' in 'where clause'
2015-05-28T23:19:32+02:00 [mylog] Unknown column 'profile_id' in 'where clause'
2015-05-28T23:19:32+02:00 [mylog] Unknown column 'profile_id' in 'where clause'
2015-05-28T23:22:05+02:00 [mylog] Unknown column 'profile_id' in 'where clause'
2015-05-28T23:22:05+02:00 [mylog] Unknown column 'profile_id' in 'where clause'
2015-05-29T06:46:34+02:00 [mylog] Unknown column 'profile_id' in 'where clause'
2015-05-29T06:46:34+02:00 [mylog] Unknown column 'profile_id' in 'where clause'
2015-05-29T06:50:21+02:00 [mylog] Unknown column 'profile_id' in 'where clause'
2015-05-29T06:50:21+02:00 [mylog] Unknown column 'profile_id' in 'where clause'
2015-05-29T06:50:39+02:00 [mylog] Unknown column 'profile_id' in 'where clause'
2015-05-29T06:50:39+02:00 [mylog] Unknown column 'profile_id' in 'where clause'
2015-05-29T21:21:20+02:00 [mylog] Unknown column 'profile_id' in 'where clause'
2015-05-29T21:21:20+02:00 [mylog] Unknown column 'profile_id' in 'where clause'
2015-05-30T10:14:04+02:00 [mylog] Table 'placement.job_list' doesn't exist
2015-05-30T10:14:04+02:00 [mylog] Table 'placement.job_list' doesn't exist
2015-05-30T10:14:44+02:00 [mylog] Table 'placement.job_list' doesn't exist
2015-05-30T10:14:44+02:00 [mylog] Table 'placement.job_list' doesn't exist
2015-05-30T10:17:28+02:00 [mylog] Table 'placement.job_list' doesn't exist
2015-05-30T10:17:28+02:00 [mylog] Table 'placement.job_list' doesn't exist
2015-05-30T10:17:36+02:00 [mylog] Table 'placement.job_list' doesn't exist
2015-05-30T10:17:36+02:00 [mylog] Table 'placement.job_list' doesn't exist
2015-05-30T10:18:38+02:00 [mylog] Table 'placement.job_list' doesn't exist
2015-05-30T10:18:38+02:00 [mylog] Table 'placement.job_list' doesn't exist
2015-05-30T10:35:46+02:00 [mylog] Table 'placement.job_list' doesn't exist
2015-05-30T10:35:46+02:00 [mylog] Table 'placement.job_list' doesn't exist
2015-05-30T10:38:11+02:00 [mylog] Table 'placement.job_list' doesn't exist
2015-05-30T10:38:11+02:00 [mylog] Table 'placement.job_list' doesn't exist
2015-05-30T11:20:50+02:00 [mylog] You have an error in your SQL syntax; check the manual that corresponds to your MySQL server version for the right syntax to use near '' at line 1
2015-05-30T11:20:50+02:00 [mylog] You have an error in your SQL syntax; check the manual that corresponds to your MySQL server version for the right syntax to use near '' at line 1
2015-05-30T11:20:50+02:00 [mylog] You have an error in your SQL syntax; check the manual that corresponds to your MySQL server version for the right syntax to use near '' at line 1
2015-05-30T11:20:50+02:00 [mylog] You have an error in your SQL syntax; check the manual that corresponds to your MySQL server version for the right syntax to use near '' at line 1
2015-05-30T11:21:34+02:00 [mylog] You have an error in your SQL syntax; check the manual that corresponds to your MySQL server version for the right syntax to use near 'in ()' at line 1
2015-05-30T11:21:34+02:00 [mylog] You have an error in your SQL syntax; check the manual that corresponds to your MySQL server version for the right syntax to use near 'in ()' at line 1
2015-05-30T11:21:34+02:00 [mylog] You have an error in your SQL syntax; check the manual that corresponds to your MySQL server version for the right syntax to use near 'in (1,2)' at line 1
2015-05-30T11:21:34+02:00 [mylog] You have an error in your SQL syntax; check the manual that corresponds to your MySQL server version for the right syntax to use near 'in (1,2)' at line 1
2015-05-30T11:22:03+02:00 [mylog] You have an error in your SQL syntax; check the manual that corresponds to your MySQL server version for the right syntax to use near 'in ()' at line 1
2015-05-30T11:22:03+02:00 [mylog] You have an error in your SQL syntax; check the manual that corresponds to your MySQL server version for the right syntax to use near 'in ()' at line 1
2015-05-30T11:22:03+02:00 [mylog] You have an error in your SQL syntax; check the manual that corresponds to your MySQL server version for the right syntax to use near 'in (1,2)' at line 1
2015-05-30T11:22:03+02:00 [mylog] You have an error in your SQL syntax; check the manual that corresponds to your MySQL server version for the right syntax to use near 'in (1,2)' at line 1
2015-05-30T11:22:36+02:00 [mylog] You have an error in your SQL syntax; check the manual that corresponds to your MySQL server version for the right syntax to use near 'in ()' at line 1
2015-05-30T11:22:36+02:00 [mylog] You have an error in your SQL syntax; check the manual that corresponds to your MySQL server version for the right syntax to use near 'in ()' at line 1
2015-05-30T11:22:36+02:00 [mylog] You have an error in your SQL syntax; check the manual that corresponds to your MySQL server version for the right syntax to use near 'in (1,2)' at line 1
2015-05-30T11:22:36+02:00 [mylog] You have an error in your SQL syntax; check the manual that corresponds to your MySQL server version for the right syntax to use near 'in (1,2)' at line 1
2015-05-30T11:23:21+02:00 [mylog] You have an error in your SQL syntax; check the manual that corresponds to your MySQL server version for the right syntax to use near 'in ()' at line 1
2015-05-30T11:23:21+02:00 [mylog] You have an error in your SQL syntax; check the manual that corresponds to your MySQL server version for the right syntax to use near 'in ()' at line 1
2015-05-30T11:23:21+02:00 [mylog] You have an error in your SQL syntax; check the manual that corresponds to your MySQL server version for the right syntax to use near 'in (1,2)' at line 1
2015-05-30T11:23:21+02:00 [mylog] You have an error in your SQL syntax; check the manual that corresponds to your MySQL server version for the right syntax to use near 'in (1,2)' at line 1
2015-05-30T11:23:45+02:00 [mylog] You have an error in your SQL syntax; check the manual that corresponds to your MySQL server version for the right syntax to use near 'in ()' at line 1
2015-05-30T11:23:45+02:00 [mylog] You have an error in your SQL syntax; check the manual that corresponds to your MySQL server version for the right syntax to use near 'in ()' at line 1
2015-05-30T11:23:45+02:00 [mylog] You have an error in your SQL syntax; check the manual that corresponds to your MySQL server version for the right syntax to use near 'in (1,2)' at line 1
2015-05-30T11:23:45+02:00 [mylog] You have an error in your SQL syntax; check the manual that corresponds to your MySQL server version for the right syntax to use near 'in (1,2)' at line 1
2015-05-30T11:24:10+02:00 [mylog] You have an error in your SQL syntax; check the manual that corresponds to your MySQL server version for the right syntax to use near 'in (1,2)' at line 1
2015-05-30T11:24:10+02:00 [mylog] You have an error in your SQL syntax; check the manual that corresponds to your MySQL server version for the right syntax to use near 'in (1,2)' at line 1
2015-05-30T11:25:07+02:00 [mylog] You have an error in your SQL syntax; check the manual that corresponds to your MySQL server version for the right syntax to use near 'in (1,2)' at line 1
2015-05-30T11:25:07+02:00 [mylog] You have an error in your SQL syntax; check the manual that corresponds to your MySQL server version for the right syntax to use near 'in (1,2)' at line 1
2015-05-30T11:25:39+02:00 [mylog] You have an error in your SQL syntax; check the manual that corresponds to your MySQL server version for the right syntax to use near 'in (1,2)' at line 1
2015-05-30T11:25:39+02:00 [mylog] You have an error in your SQL syntax; check the manual that corresponds to your MySQL server version for the right syntax to use near 'in (1,2)' at line 1
2015-05-30T11:38:42+02:00 [mylog] Table 'placement.job_list' doesn't exist
2015-05-30T11:38:42+02:00 [mylog] Table 'placement.job_list' doesn't exist
2015-05-30T12:08:47+02:00 [mylog] Table 'placement.job_list' doesn't exist
2015-05-30T12:08:47+02:00 [mylog] Table 'placement.job_list' doesn't exist
2015-05-30T12:10:03+02:00 [mylog] Table 'placement.job_list' doesn't exist
2015-05-30T12:10:03+02:00 [mylog] Table 'placement.job_list' doesn't exist
2015-05-30T12:10:03+02:00 [mylog] Table 'placement.job_list' doesn't exist
2015-05-30T12:10:03+02:00 [mylog] Table 'placement.job_list' doesn't exist
2015-05-30T12:10:23+02:00 [mylog] Table 'placement.job_list' doesn't exist
2015-05-30T12:10:23+02:00 [mylog] Table 'placement.job_list' doesn't exist
2015-05-30T15:57:46+02:00 [mylog] Table 'placement.job_list' doesn't exist
2015-05-30T15:57:46+02:00 [mylog] Table 'placement.job_list' doesn't exist
2015-05-30T15:59:51+02:00 [mylog] Table 'placement.job_list' doesn't exist
2015-05-30T15:59:51+02:00 [mylog] Table 'placement.job_list' doesn't exist
2015-05-30T16:00:09+02:00 [mylog] Table 'placement.job_list' doesn't exist
2015-05-30T16:00:09+02:00 [mylog] Table 'placement.job_list' doesn't exist
2015-05-30T16:01:16+02:00 [mylog] Table 'placement.job_list' doesn't exist
2015-05-30T16:01:16+02:00 [mylog] Table 'placement.job_list' doesn't exist
2015-05-30T16:01:28+02:00 [mylog] Table 'placement.job_list' doesn't exist
2015-05-30T16:01:28+02:00 [mylog] Table 'placement.job_list' doesn't exist
2015-05-30T16:41:42+02:00 [mylog] Table 'placement.job_list' doesn't exist
2015-05-30T16:41:42+02:00 [mylog] Table 'placement.job_list' doesn't exist
2015-05-30T16:42:33+02:00 [mylog] Table 'placement.job_list' doesn't exist
2015-05-30T16:42:33+02:00 [mylog] Table 'placement.job_list' doesn't exist
2015-05-30T16:42:33+02:00 [mylog] Table 'placement.job_list' doesn't exist
2015-05-30T16:42:33+02:00 [mylog] Table 'placement.job_list' doesn't exist
2015-05-30T16:49:46+02:00 [mylog] Table 'placement.job_list' doesn't exist
2015-05-30T16:49:46+02:00 [mylog] Table 'placement.job_list' doesn't exist
2015-05-30T16:49:46+02:00 [mylog] Table 'placement.job_list' doesn't exist
2015-05-30T16:49:46+02:00 [mylog] Table 'placement.job_list' doesn't exist
2015-05-30T16:50:06+02:00 [mylog] Unknown column 'profile_id' in 'where clause'
2015-05-30T16:50:06+02:00 [mylog] Unknown column 'profile_id' in 'where clause'
2015-05-30T16:50:13+02:00 [mylog] Table 'placement.job_list' doesn't exist
2015-05-30T16:50:13+02:00 [mylog] Table 'placement.job_list' doesn't exist
2015-05-30T16:50:58+02:00 [mylog] Table 'placement.job_list' doesn't exist
2015-05-30T16:50:58+02:00 [mylog] Table 'placement.job_list' doesn't exist
2015-05-30T16:52:12+02:00 [mylog] Unknown column 'profile_id' in 'where clause'
2015-05-30T16:52:12+02:00 [mylog] Unknown column 'profile_id' in 'where clause'
2015-05-30T16:52:49+02:00 [mylog] Unknown column 'profile_id' in 'where clause'
2015-05-30T16:52:49+02:00 [mylog] Unknown column 'profile_id' in 'where clause'
2015-05-30T16:54:33+02:00 [mylog] Unknown column 'profile_id' in 'where clause'
2015-05-30T16:54:33+02:00 [mylog] Unknown column 'profile_id' in 'where clause'
2015-05-30T16:54:42+02:00 [mylog] Unknown column 'profile_id' in 'where clause'
2015-05-30T16:54:42+02:00 [mylog] Unknown column 'profile_id' in 'where clause'
2015-05-30T16:54:45+02:00 [mylog] Unknown column 'profile_id' in 'where clause'
2015-05-30T16:54:45+02:00 [mylog] Unknown column 'profile_id' in 'where clause'
2015-05-30T16:55:30+02:00 [mylog] Unknown column 'profile_id' in 'where clause'
2015-05-30T16:55:30+02:00 [mylog] Unknown column 'profile_id' in 'where clause'
2015-05-30T17:00:08+02:00 [mylog] Table 'placement.job_list' doesn't exist
2015-05-30T17:00:08+02:00 [mylog] Table 'placement.job_list' doesn't exist
2015-05-30T17:01:09+02:00 [mylog] Table 'placement.job_list' doesn't exist
2015-05-30T17:01:09+02:00 [mylog] Table 'placement.job_list' doesn't exist
2015-05-30T17:01:31+02:00 [mylog] Table 'placement.job_list' doesn't exist
2015-05-30T17:01:31+02:00 [mylog] Table 'placement.job_list' doesn't exist
2015-05-30T16:02:48+01:00 [mylog] Table 'placement.job_list' doesn't exist
2015-05-30T16:02:48+01:00 [mylog] Table 'placement.job_list' doesn't exist
2015-05-31T09:55:52+02:00 [mylog] Table 'placement.job_list' doesn't exist
2015-05-31T09:55:52+02:00 [mylog] Table 'placement.job_list' doesn't exist
2015-05-31T09:56:04+02:00 [mylog] Table 'placement.job_list' doesn't exist
2015-05-31T09:56:04+02:00 [mylog] Table 'placement.job_list' doesn't exist
2015-05-31T09:57:08+02:00 [mylog] Table 'placement.job_list' doesn't exist
2015-05-31T09:57:08+02:00 [mylog] Table 'placement.job_list' doesn't exist
2015-05-31T09:59:44+02:00 [mylog] Table 'placement.job_list' doesn't exist
2015-05-31T09:59:44+02:00 [mylog] Table 'placement.job_list' doesn't exist
2015-05-31T10:16:11+02:00 [mylog] You have an error in your SQL syntax; check the manual that corresponds to your MySQL server version for the right syntax to use near '' at line 1
2015-05-31T10:16:11+02:00 [mylog] You have an error in your SQL syntax; check the manual that corresponds to your MySQL server version for the right syntax to use near '' at line 1
2015-05-31T10:53:46+02:00 [mylog] Table 'placement.job_list' doesn't exist
2015-05-31T10:53:46+02:00 [mylog] Table 'placement.job_list' doesn't exist
2015-05-31T11:33:33+02:00 [mylog] Table 'placement.job_list' doesn't exist
2015-05-31T11:33:33+02:00 [mylog] Table 'placement.job_list' doesn't exist
